2025-02-25 16:42:18,239{GMT}	INFO	[jepsen test runner] jepsen.core: Command line:
lein run test -w echo --bin /Users/vignesh/go/bin/maelstrom-echo --node-count 1 --time-limit 10
2025-02-25 16:42:18,266{GMT}	INFO	[jepsen test runner] jepsen.core: Running test:
{:args []
 :remote
 #jepsen.control.retry.Remote{:remote #jepsen.control.scp.Remote{:cmd-remote #jepsen.control.sshj.SSHJRemote{:concurrency-limit 6,
                                                                                                             :conn-spec nil,
                                                                                                             :client nil,
                                                                                                             :semaphore nil},
                                                                 :conn-spec nil},
                              :conn nil}
 :log-net-send false
 :node-count 1
 :availability nil
 :max-txn-length 4
 :concurrency 1
 :db
 #object[maelstrom.db$db$reify__16612
         "0x21259314"
         "maelstrom.db$db$reify__16612@21259314"]
 :max-writes-per-key 16
 :leave-db-running? false
 :name "echo"
 :logging-json? false
 :start-time
 #object[org.joda.time.DateTime "0x6816b0cb" "2025-02-25T16:42:18.217-06:00"]
 :nemesis-interval 10
 :net
 #object[maelstrom.net$jepsen_net$reify__15721
         "0x6f6d2847"
         "maelstrom.net$jepsen_net$reify__15721@6f6d2847"]
 :client
 #object[maelstrom.workload.echo$client$reify__17402
         "0x7fc8930f"
         "maelstrom.workload.echo$client$reify__17402@7fc8930f"]
 :barrier
 #object[java.util.concurrent.CyclicBarrier
         "0x2b284acc"
         "java.util.concurrent.CyclicBarrier@2b284acc"]
 :log-stderr false
 :pure-generators true
 :ssh {:dummy? true}
 :rate 5
 :checker
 #object[jepsen.checker$compose$reify__11089
         "0x76e5278a"
         "jepsen.checker$compose$reify__11089@76e5278a"]
 :argv
 ("test"
  "-w"
  "echo"
  "--bin"
  "/Users/vignesh/go/bin/maelstrom-echo"
  "--node-count"
  "1"
  "--time-limit"
  "10")
 :nemesis
 (jepsen.nemesis.ReflCompose
  {:fm {:start-partition 0,
        :stop-partition 0,
        :kill 1,
        :start 1,
        :pause 1,
        :resume 1},
   :nemeses [#unprintable "jepsen.nemesis.combined$partition_nemesis$reify__16905@70cc0601"
             #unprintable "jepsen.nemesis.combined$db_nemesis$reify__16886@4b27a3fc"]})
 :nodes ["n0"]
 :test-count 1
 :latency {:mean 0, :dist :constant}
 :bin "/Users/vignesh/go/bin/maelstrom-echo"
 :generator
 #object[jepsen.util.Forgettable
         "0x74d6d5ca"
         (jepsen.generator.TimeLimit
          {:limit 10000000000,
           :cutoff nil,
           :gen (jepsen.generator.Any
                 {:gens [(jepsen.generator.OnThreads
                          {:f #{:nemesis},
                           :context-filter #object[jepsen.generator.context$make_thread_filter$lazy_filter__12077
                                                   "0x16fc3be9"
                                                   "jepsen.generator.context$make_thread_filter$lazy_filter__12077@16fc3be9"],
                           :gen nil})
                         (jepsen.generator.OnThreads
                          {:f #jepsen.generator.context.AllBut{:element :nemesis},
                           :context-filter #object[jepsen.generator.context$make_thread_filter$lazy_filter__12077
                                                   "0x5afd2f4e"
                                                   "jepsen.generator.context$make_thread_filter$lazy_filter__12077@5afd2f4e"],
                           :gen (jepsen.generator.Stagger
                                 {:dt 400000000,
                                  :next-time nil,
                                  :gen (jepsen.generator.EachThread
                                        {:fresh-gen #object[maelstrom.workload.echo$workload$fn__17421
                                                            "0x3e5f458f"
                                                            "maelstrom.workload.echo$workload$fn__17421@3e5f458f"],
                                         :context-filters #object[clojure.core$promise$reify__8621
                                                                  "0x74239871"
                                                                  {:status :pending,
                                                                   :val nil}],
                                         :gens {}})})})]})})]
 :log-net-recv false
 :os
 #object[maelstrom.net$jepsen_os$reify__15724
         "0x377d66f"
         "maelstrom.net$jepsen_os$reify__15724@377d66f"]
 :time-limit 10
 :workload :echo
 :consistency-models [:strict-serializable]
 :topology :grid}

2025-02-25 16:42:19,135{GMT}	INFO	[jepsen node n0] maelstrom.net: Starting Maelstrom network
2025-02-25 16:42:19,136{GMT}	INFO	[jepsen test runner] jepsen.db: Tearing down DB
2025-02-25 16:42:19,136{GMT}	INFO	[jepsen test runner] jepsen.db: Setting up DB
2025-02-25 16:42:19,137{GMT}	INFO	[jepsen node n0] maelstrom.service: Starting services: (lin-kv lin-tso lww-kv seq-kv)
2025-02-25 16:42:19,139{GMT}	INFO	[jepsen node n0] maelstrom.db: Setting up n0
2025-02-25 16:42:19,139{GMT}	INFO	[jepsen node n0] maelstrom.process: launching /Users/vignesh/go/bin/maelstrom-echo []
2025-02-25 16:42:19,315{GMT}	INFO	[jepsen test runner] jepsen.core: Relative time begins now
2025-02-25 16:42:19,324{GMT}	INFO	[jepsen worker 0] jepsen.util: 0	:invoke	:echo	"Please echo 1"
2025-02-25 16:42:19,328{GMT}	INFO	[jepsen worker 0] jepsen.util: 0	:ok	:echo	{:echo "Please echo 1", :in_reply_to 1, :msg_id 1, :type "echo_ok"}
2025-02-25 16:42:19,601{GMT}	INFO	[jepsen worker 0] jepsen.util: 0	:invoke	:echo	"Please echo 52"
2025-02-25 16:42:19,604{GMT}	INFO	[jepsen worker 0] jepsen.util: 0	:ok	:echo	{:echo "Please echo 52", :in_reply_to 2, :msg_id 2, :type "echo_ok"}
2025-02-25 16:42:19,950{GMT}	INFO	[jepsen worker 0] jepsen.util: 0	:invoke	:echo	"Please echo 40"
2025-02-25 16:42:19,953{GMT}	INFO	[jepsen worker 0] jepsen.util: 0	:ok	:echo	{:echo "Please echo 40", :in_reply_to 3, :msg_id 3, :type "echo_ok"}
2025-02-25 16:42:19,968{GMT}	INFO	[jepsen worker 0] jepsen.util: 0	:invoke	:echo	"Please echo 92"
2025-02-25 16:42:19,971{GMT}	INFO	[jepsen worker 0] jepsen.util: 0	:ok	:echo	{:echo "Please echo 92", :in_reply_to 4, :msg_id 4, :type "echo_ok"}
2025-02-25 16:42:20,249{GMT}	INFO	[jepsen worker 0] jepsen.util: 0	:invoke	:echo	"Please echo 72"
2025-02-25 16:42:20,252{GMT}	INFO	[jepsen worker 0] jepsen.util: 0	:ok	:echo	{:echo "Please echo 72", :in_reply_to 5, :msg_id 5, :type "echo_ok"}
2025-02-25 16:42:20,575{GMT}	INFO	[jepsen worker 0] jepsen.util: 0	:invoke	:echo	"Please echo 20"
2025-02-25 16:42:20,577{GMT}	INFO	[jepsen worker 0] jepsen.util: 0	:ok	:echo	{:echo "Please echo 20", :in_reply_to 6, :msg_id 6, :type "echo_ok"}
2025-02-25 16:42:20,602{GMT}	INFO	[jepsen worker 0] jepsen.util: 0	:invoke	:echo	"Please echo 18"
2025-02-25 16:42:20,602{GMT}	INFO	[jepsen worker 0] jepsen.util: 0	:ok	:echo	{:echo "Please echo 18", :in_reply_to 7, :msg_id 7, :type "echo_ok"}
2025-02-25 16:42:20,786{GMT}	INFO	[jepsen worker 0] jepsen.util: 0	:invoke	:echo	"Please echo 104"
2025-02-25 16:42:20,788{GMT}	INFO	[jepsen worker 0] jepsen.util: 0	:ok	:echo	{:echo "Please echo 104", :in_reply_to 8, :msg_id 8, :type "echo_ok"}
2025-02-25 16:42:21,171{GMT}	INFO	[jepsen worker 0] jepsen.util: 0	:invoke	:echo	"Please echo 85"
2025-02-25 16:42:21,174{GMT}	INFO	[jepsen worker 0] jepsen.util: 0	:ok	:echo	{:echo "Please echo 85", :in_reply_to 9, :msg_id 9, :type "echo_ok"}
2025-02-25 16:42:21,376{GMT}	INFO	[jepsen worker 0] jepsen.util: 0	:invoke	:echo	"Please echo 64"
2025-02-25 16:42:21,379{GMT}	INFO	[jepsen worker 0] jepsen.util: 0	:ok	:echo	{:echo "Please echo 64", :in_reply_to 10, :msg_id 10, :type "echo_ok"}
2025-02-25 16:42:21,726{GMT}	INFO	[jepsen worker 0] jepsen.util: 0	:invoke	:echo	"Please echo 115"
2025-02-25 16:42:21,728{GMT}	INFO	[jepsen worker 0] jepsen.util: 0	:ok	:echo	{:echo "Please echo 115", :in_reply_to 11, :msg_id 11, :type "echo_ok"}
2025-02-25 16:42:21,792{GMT}	INFO	[jepsen worker 0] jepsen.util: 0	:invoke	:echo	"Please echo 25"
2025-02-25 16:42:21,795{GMT}	INFO	[jepsen worker 0] jepsen.util: 0	:ok	:echo	{:echo "Please echo 25", :in_reply_to 12, :msg_id 12, :type "echo_ok"}
2025-02-25 16:42:22,028{GMT}	INFO	[jepsen worker 0] jepsen.util: 0	:invoke	:echo	"Please echo 14"
2025-02-25 16:42:22,031{GMT}	INFO	[jepsen worker 0] jepsen.util: 0	:ok	:echo	{:echo "Please echo 14", :in_reply_to 13, :msg_id 13, :type "echo_ok"}
2025-02-25 16:42:22,036{GMT}	INFO	[jepsen worker 0] jepsen.util: 0	:invoke	:echo	"Please echo 113"
2025-02-25 16:42:22,040{GMT}	INFO	[jepsen worker 0] jepsen.util: 0	:ok	:echo	{:echo "Please echo 113", :in_reply_to 14, :msg_id 14, :type "echo_ok"}
2025-02-25 16:42:22,140{GMT}	INFO	[jepsen worker 0] jepsen.util: 0	:invoke	:echo	"Please echo 73"
2025-02-25 16:42:22,142{GMT}	INFO	[jepsen worker 0] jepsen.util: 0	:ok	:echo	{:echo "Please echo 73", :in_reply_to 15, :msg_id 15, :type "echo_ok"}
2025-02-25 16:42:22,397{GMT}	INFO	[jepsen worker 0] jepsen.util: 0	:invoke	:echo	"Please echo 107"
2025-02-25 16:42:22,401{GMT}	INFO	[jepsen worker 0] jepsen.util: 0	:ok	:echo	{:echo "Please echo 107", :in_reply_to 16, :msg_id 16, :type "echo_ok"}
2025-02-25 16:42:22,783{GMT}	INFO	[jepsen worker 0] jepsen.util: 0	:invoke	:echo	"Please echo 74"
2025-02-25 16:42:22,785{GMT}	INFO	[jepsen worker 0] jepsen.util: 0	:ok	:echo	{:echo "Please echo 74", :in_reply_to 17, :msg_id 17, :type "echo_ok"}
2025-02-25 16:42:23,069{GMT}	INFO	[jepsen worker 0] jepsen.util: 0	:invoke	:echo	"Please echo 94"
2025-02-25 16:42:23,071{GMT}	INFO	[jepsen worker 0] jepsen.util: 0	:ok	:echo	{:echo "Please echo 94", :in_reply_to 18, :msg_id 18, :type "echo_ok"}
2025-02-25 16:42:23,455{GMT}	INFO	[jepsen worker 0] jepsen.util: 0	:invoke	:echo	"Please echo 22"
2025-02-25 16:42:23,457{GMT}	INFO	[jepsen worker 0] jepsen.util: 0	:ok	:echo	{:echo "Please echo 22", :in_reply_to 19, :msg_id 19, :type "echo_ok"}
2025-02-25 16:42:23,731{GMT}	INFO	[jepsen worker 0] jepsen.util: 0	:invoke	:echo	"Please echo 3"
2025-02-25 16:42:23,734{GMT}	INFO	[jepsen worker 0] jepsen.util: 0	:ok	:echo	{:echo "Please echo 3", :in_reply_to 20, :msg_id 20, :type "echo_ok"}
2025-02-25 16:42:23,768{GMT}	INFO	[jepsen worker 0] jepsen.util: 0	:invoke	:echo	"Please echo 87"
2025-02-25 16:42:23,770{GMT}	INFO	[jepsen worker 0] jepsen.util: 0	:ok	:echo	{:echo "Please echo 87", :in_reply_to 21, :msg_id 21, :type "echo_ok"}
2025-02-25 16:42:23,830{GMT}	INFO	[jepsen worker 0] jepsen.util: 0	:invoke	:echo	"Please echo 71"
2025-02-25 16:42:23,832{GMT}	INFO	[jepsen worker 0] jepsen.util: 0	:ok	:echo	{:echo "Please echo 71", :in_reply_to 22, :msg_id 22, :type "echo_ok"}
2025-02-25 16:42:24,130{GMT}	INFO	[jepsen worker 0] jepsen.util: 0	:invoke	:echo	"Please echo 48"
2025-02-25 16:42:24,132{GMT}	INFO	[jepsen worker 0] jepsen.util: 0	:ok	:echo	{:echo "Please echo 48", :in_reply_to 23, :msg_id 23, :type "echo_ok"}
2025-02-25 16:42:24,501{GMT}	INFO	[jepsen worker 0] jepsen.util: 0	:invoke	:echo	"Please echo 92"
2025-02-25 16:42:24,504{GMT}	INFO	[jepsen worker 0] jepsen.util: 0	:ok	:echo	{:echo "Please echo 92", :in_reply_to 24, :msg_id 24, :type "echo_ok"}
2025-02-25 16:42:24,860{GMT}	INFO	[jepsen worker 0] jepsen.util: 0	:invoke	:echo	"Please echo 49"
2025-02-25 16:42:24,863{GMT}	INFO	[jepsen worker 0] jepsen.util: 0	:ok	:echo	{:echo "Please echo 49", :in_reply_to 25, :msg_id 25, :type "echo_ok"}
2025-02-25 16:42:25,058{GMT}	INFO	[jepsen worker 0] jepsen.util: 0	:invoke	:echo	"Please echo 10"
2025-02-25 16:42:25,059{GMT}	INFO	[jepsen worker 0] jepsen.util: 0	:ok	:echo	{:echo "Please echo 10", :in_reply_to 26, :msg_id 26, :type "echo_ok"}
2025-02-25 16:42:25,448{GMT}	INFO	[jepsen worker 0] jepsen.util: 0	:invoke	:echo	"Please echo 54"
2025-02-25 16:42:25,451{GMT}	INFO	[jepsen worker 0] jepsen.util: 0	:ok	:echo	{:echo "Please echo 54", :in_reply_to 27, :msg_id 27, :type "echo_ok"}
2025-02-25 16:42:25,476{GMT}	INFO	[jepsen worker 0] jepsen.util: 0	:invoke	:echo	"Please echo 114"
2025-02-25 16:42:25,480{GMT}	INFO	[jepsen worker 0] jepsen.util: 0	:ok	:echo	{:echo "Please echo 114", :in_reply_to 28, :msg_id 28, :type "echo_ok"}
2025-02-25 16:42:25,699{GMT}	INFO	[jepsen worker 0] jepsen.util: 0	:invoke	:echo	"Please echo 28"
2025-02-25 16:42:25,701{GMT}	INFO	[jepsen worker 0] jepsen.util: 0	:ok	:echo	{:echo "Please echo 28", :in_reply_to 29, :msg_id 29, :type "echo_ok"}
2025-02-25 16:42:25,824{GMT}	INFO	[jepsen worker 0] jepsen.util: 0	:invoke	:echo	"Please echo 111"
2025-02-25 16:42:25,827{GMT}	INFO	[jepsen worker 0] jepsen.util: 0	:ok	:echo	{:echo "Please echo 111", :in_reply_to 30, :msg_id 30, :type "echo_ok"}
2025-02-25 16:42:25,958{GMT}	INFO	[jepsen worker 0] jepsen.util: 0	:invoke	:echo	"Please echo 89"
2025-02-25 16:42:25,961{GMT}	INFO	[jepsen worker 0] jepsen.util: 0	:ok	:echo	{:echo "Please echo 89", :in_reply_to 31, :msg_id 31, :type "echo_ok"}
2025-02-25 16:42:26,075{GMT}	INFO	[jepsen worker 0] jepsen.util: 0	:invoke	:echo	"Please echo 23"
2025-02-25 16:42:26,078{GMT}	INFO	[jepsen worker 0] jepsen.util: 0	:ok	:echo	{:echo "Please echo 23", :in_reply_to 32, :msg_id 32, :type "echo_ok"}
2025-02-25 16:42:26,132{GMT}	INFO	[jepsen worker 0] jepsen.util: 0	:invoke	:echo	"Please echo 91"
2025-02-25 16:42:26,135{GMT}	INFO	[jepsen worker 0] jepsen.util: 0	:ok	:echo	{:echo "Please echo 91", :in_reply_to 33, :msg_id 33, :type "echo_ok"}
2025-02-25 16:42:26,195{GMT}	INFO	[jepsen worker 0] jepsen.util: 0	:invoke	:echo	"Please echo 95"
2025-02-25 16:42:26,198{GMT}	INFO	[jepsen worker 0] jepsen.util: 0	:ok	:echo	{:echo "Please echo 95", :in_reply_to 34, :msg_id 34, :type "echo_ok"}
2025-02-25 16:42:26,500{GMT}	INFO	[jepsen worker 0] jepsen.util: 0	:invoke	:echo	"Please echo 79"
2025-02-25 16:42:26,502{GMT}	INFO	[jepsen worker 0] jepsen.util: 0	:ok	:echo	{:echo "Please echo 79", :in_reply_to 35, :msg_id 35, :type "echo_ok"}
2025-02-25 16:42:26,665{GMT}	INFO	[jepsen worker 0] jepsen.util: 0	:invoke	:echo	"Please echo 82"
2025-02-25 16:42:26,667{GMT}	INFO	[jepsen worker 0] jepsen.util: 0	:ok	:echo	{:echo "Please echo 82", :in_reply_to 36, :msg_id 36, :type "echo_ok"}
2025-02-25 16:42:26,799{GMT}	INFO	[jepsen worker 0] jepsen.util: 0	:invoke	:echo	"Please echo 81"
2025-02-25 16:42:26,803{GMT}	INFO	[jepsen worker 0] jepsen.util: 0	:ok	:echo	{:echo "Please echo 81", :in_reply_to 37, :msg_id 37, :type "echo_ok"}
2025-02-25 16:42:27,136{GMT}	INFO	[jepsen worker 0] jepsen.util: 0	:invoke	:echo	"Please echo 0"
2025-02-25 16:42:27,139{GMT}	INFO	[jepsen worker 0] jepsen.util: 0	:ok	:echo	{:echo "Please echo 0", :in_reply_to 38, :msg_id 38, :type "echo_ok"}
2025-02-25 16:42:27,429{GMT}	INFO	[jepsen worker 0] jepsen.util: 0	:invoke	:echo	"Please echo 82"
2025-02-25 16:42:27,431{GMT}	INFO	[jepsen worker 0] jepsen.util: 0	:ok	:echo	{:echo "Please echo 82", :in_reply_to 39, :msg_id 39, :type "echo_ok"}
2025-02-25 16:42:27,571{GMT}	INFO	[jepsen worker 0] jepsen.util: 0	:invoke	:echo	"Please echo 46"
2025-02-25 16:42:27,575{GMT}	INFO	[jepsen worker 0] jepsen.util: 0	:ok	:echo	{:echo "Please echo 46", :in_reply_to 40, :msg_id 40, :type "echo_ok"}
2025-02-25 16:42:27,955{GMT}	INFO	[jepsen worker 0] jepsen.util: 0	:invoke	:echo	"Please echo 35"
2025-02-25 16:42:27,958{GMT}	INFO	[jepsen worker 0] jepsen.util: 0	:ok	:echo	{:echo "Please echo 35", :in_reply_to 41, :msg_id 41, :type "echo_ok"}
2025-02-25 16:42:28,050{GMT}	INFO	[jepsen worker 0] jepsen.util: 0	:invoke	:echo	"Please echo 43"
2025-02-25 16:42:28,062{GMT}	INFO	[jepsen worker 0] jepsen.util: 0	:ok	:echo	{:echo "Please echo 43", :in_reply_to 42, :msg_id 42, :type "echo_ok"}
2025-02-25 16:42:28,233{GMT}	INFO	[jepsen worker 0] jepsen.util: 0	:invoke	:echo	"Please echo 65"
2025-02-25 16:42:28,236{GMT}	INFO	[jepsen worker 0] jepsen.util: 0	:ok	:echo	{:echo "Please echo 65", :in_reply_to 43, :msg_id 43, :type "echo_ok"}
2025-02-25 16:42:28,438{GMT}	INFO	[jepsen worker 0] jepsen.util: 0	:invoke	:echo	"Please echo 39"
2025-02-25 16:42:28,441{GMT}	INFO	[jepsen worker 0] jepsen.util: 0	:ok	:echo	{:echo "Please echo 39", :in_reply_to 44, :msg_id 44, :type "echo_ok"}
2025-02-25 16:42:28,671{GMT}	INFO	[jepsen worker 0] jepsen.util: 0	:invoke	:echo	"Please echo 101"
2025-02-25 16:42:28,674{GMT}	INFO	[jepsen worker 0] jepsen.util: 0	:ok	:echo	{:echo "Please echo 101", :in_reply_to 45, :msg_id 45, :type "echo_ok"}
2025-02-25 16:42:28,935{GMT}	INFO	[jepsen worker 0] jepsen.util: 0	:invoke	:echo	"Please echo 107"
2025-02-25 16:42:28,937{GMT}	INFO	[jepsen worker 0] jepsen.util: 0	:ok	:echo	{:echo "Please echo 107", :in_reply_to 46, :msg_id 46, :type "echo_ok"}
2025-02-25 16:42:29,271{GMT}	INFO	[jepsen worker 0] jepsen.util: 0	:invoke	:echo	"Please echo 12"
2025-02-25 16:42:29,274{GMT}	INFO	[jepsen worker 0] jepsen.util: 0	:ok	:echo	{:echo "Please echo 12", :in_reply_to 47, :msg_id 47, :type "echo_ok"}
2025-02-25 16:42:29,295{GMT}	INFO	[jepsen test runner] jepsen.core: Run complete, writing
2025-02-25 16:42:29,323{GMT}	INFO	[jepsen node n0] maelstrom.db: Tearing down n0
2025-02-25 16:42:31,188{GMT}	INFO	[jepsen node n0] maelstrom.net: Shutting down Maelstrom network
2025-02-25 16:42:31,191{GMT}	INFO	[jepsen test runner] jepsen.core: Analyzing...
2025-02-25 16:42:35,981{GMT}	INFO	[jepsen test runner] jepsen.core: Analysis complete
2025-02-25 16:42:35,992{GMT}	INFO	[jepsen results] jepsen.store: Wrote /Users/vignesh/Developer/Projects/Go/gossip-gloomers/maelstorm-echo/maelstrom/store/echo/20250225T164218.217-0600/results.edn
2025-02-25 16:42:36,022{GMT}	INFO	[jepsen test runner] jepsen.core: {:perf {:latency-graph {:valid? true},
        :rate-graph {:valid? true},
        :valid? true},
 :timeline {:valid? true},
 :exceptions {:valid? true},
 :stats {:valid? true,
         :count 47,
         :ok-count 47,
         :fail-count 0,
         :info-count 0,
         :by-f {:echo {:valid? true,
                       :count 47,
                       :ok-count 47,
                       :fail-count 0,
                       :info-count 0}}},
 :availability {:valid? true, :ok-fraction 1.0},
 :net {:all {:send-count 96,
             :recv-count 96,
             :msg-count 96,
             :msgs-per-op 2.0425532},
       :clients {:send-count 96, :recv-count 96, :msg-count 96},
       :servers {:send-count 0,
                 :recv-count 0,
                 :msg-count 0,
                 :msgs-per-op 0.0},
       :valid? true},
 :workload {:valid? true, :errors ()},
 :valid? true}


Everything looks good! ヽ(‘ー`)ノ
